{"uuid":"2775a0ba-8da7-43e1-b73f-d60ced7664c1","historyId":"ec6590874a996b475344bcdf95184821","fullName":"OpenApiLocalhostTests.passwordTest","labels":[{"name":"package","value":"OpenApiLocalhostTests"},{"name":"testClass","value":"OpenApiLocalhostTests"},{"name":"testMethod","value":"passwordTest"},{"name":"parentSuite","value":"Default Suite"},{"name":"suite","value":"rest-assured-homework"},{"name":"subSuite","value":"OpenApiLocalhostTests"},{"name":"host","value":"EJOI-2"},{"name":"thread","value":"21024@EJOI-2.main(1)"},{"name":"framework","value":"testng"},{"name":"language","value":"java"}],"links":[],"name":"passwordTest","status":"broken","statusDetails":{"known":false,"muted":false,"flaky":false,"message":"java.lang.IllegalArgumentException: bound must be positive","trace":"java.lang.RuntimeException: java.lang.IllegalArgumentException: bound must be positive\r\n\tat org.testng.internal.invokers.MethodInvocationHelper.invokeMethodNoCheckedException(MethodInvocationHelper.java:58)\r\n\tat org.testng.internal.invokers.MethodInvocationHelper.invokeDataProvider(MethodInvocationHelper.java:159)\r\n\tat org.testng.internal.Parameters.handleParameters(Parameters.java:809)\r\n\tat org.testng.internal.Parameters.handleParameters(Parameters.java:734)\r\n\tat org.testng.internal.invokers.ParameterHandler.handleParameters(ParameterHandler.java:72)\r\n\tat org.testng.internal.invokers.ParameterHandler.createParameters(ParameterHandler.java:51)\r\n\tat org.testng.internal.invokers.TestInvoker$MethodInvocationAgent.invoke(TestInvoker.java:946)\r\n\tat org.testng.internal.invokers.TestInvoker.invokeTestMethods(TestInvoker.java:203)\r\n\tat org.testng.internal.invokers.TestMethodWorker.invokeTestMethods(TestMethodWorker.java:154)\r\n\tat org.testng.internal.invokers.TestMethodWorker.run(TestMethodWorker.java:134)\r\n\tat java.base/java.util.ArrayList.forEach(ArrayList.java:1596)\r\n\tat org.testng.TestRunner.privateRun(TestRunner.java:739)\r\n\tat org.testng.TestRunner.run(TestRunner.java:614)\r\n\tat org.testng.SuiteRunner.runTest(SuiteRunner.java:421)\r\n\tat org.testng.SuiteRunner.runSequentially(SuiteRunner.java:413)\r\n\tat org.testng.SuiteRunner.privateRun(SuiteRunner.java:373)\r\n\tat org.testng.SuiteRunner.run(SuiteRunner.java:312)\r\n\tat org.testng.SuiteRunnerWorker.runSuite(SuiteRunnerWorker.java:52)\r\n\tat org.testng.SuiteRunnerWorker.run(SuiteRunnerWorker.java:95)\r\n\tat org.testng.TestNG.runSuitesSequentially(TestNG.java:1274)\r\n\tat org.testng.TestNG.runSuitesLocally(TestNG.java:1208)\r\n\tat org.testng.TestNG.runSuites(TestNG.java:1112)\r\n\tat org.testng.TestNG.run(TestNG.java:1079)\r\n\tat com.intellij.rt.testng.IDEARemoteTestNG.run(IDEARemoteTestNG.java:65)\r\n\tat com.intellij.rt.testng.RemoteTestNGStarter.main(RemoteTestNGStarter.java:105)\r\nCaused by: java.lang.IllegalArgumentException: bound must be positive\r\n\tat java.base/java.util.Random.nextInt(Random.java:557)\r\n\tat com.github.javafaker.service.RandomService.nextInt(RandomService.java:24)\r\n\tat com.github.javafaker.Lorem.characters(Lorem.java:43)\r\n\tat com.github.javafaker.Internet.password(Internet.java:138)\r\n\tat ge.tbc.testautomation.data.DataSupplier.providePasswords(DataSupplier.java:84)\r\n\tat java.base/jdk.internal.reflect.DirectMethodHandleAccessor.invoke(DirectMethodHandleAccessor.java:103)\r\n\tat java.base/java.lang.reflect.Method.invoke(Method.java:580)\r\n\tat org.testng.internal.invokers.MethodInvocationHelper.invokeMethod(MethodInvocationHelper.java:141)\r\n\tat org.testng.internal.invokers.MethodInvocationHelper.invokeMethod(MethodInvocationHelper.java:86)\r\n\tat org.testng.internal.invokers.MethodInvocationHelper.invokeMethodNoCheckedException(MethodInvocationHelper.java:54)\r\n\t... 24 more\r\n"},"stage":"finished","steps":[],"attachments":[],"parameters":[],"start":1737981668270,"stop":1737981668278}